#
# A fatal error has been detected by the Java Runtime Environment:
#
#  EXCEPTION_ACCESS_VIOLATION (0xc0000005) at pc=0x0000000180005d00, pid=7792, tid=11020
#
# JRE version: Java(TM) SE Runtime Environment (9.0+11) (build 9.0.4+11)
# Java VM: Java HotSpot(TM) 64-Bit Server VM (9.0.4+11, mixed mode, tiered, compressed oops, g1 gc, windows-amd64)
# Problematic frame:
# C  [rxtxSerial.dll+0x5d00]
#
# No core dump will be written. Minidumps are not enabled by default on client versions of Windows
#
# If you would like to submit a bug report, please visit:
#   http://bugreport.java.com/bugreport/crash.jsp
# The crash happened outside the Java Virtual Machine in native code.
# See problematic frame for where to report the bug.
#

---------------  S U M M A R Y ------------

Command Line: MenuFrame

Host: Intel(R) Core(TM) i7-6560U CPU @ 2.20GHz, 4 cores, 7G,  Windows 10 , 64 bit Build 10586 (10.0.10586.589)
Time: Fri Mar 16 16:35:21 2018 GMT Standard Time elapsed time: 1 seconds (0d 0h 0m 1s)

---------------  T H R E A D  ---------------

Current thread (0x0000018fdf5df000):  JavaThread "Thread-0" [_thread_in_native, id=11020, stack(0x00000004ea700000,0x00000004ea800000)]

Stack: [0x00000004ea700000,0x00000004ea800000],  sp=0x00000004ea7feba0,  free space=1018k
Native frames: (J=compiled Java code, j=interpreted, Vv=VM code, C=native code)
C  [rxtxSerial.dll+0x5d00]
C  [rxtxSerial.dll+0x6551]
C  0x0000018fc4ad921c

Java frames: (J=compiled Java code, j=interpreted, Vv=VM code)
j  gnu.io.RXTXPort.readArray([BII)I+0
j  gnu.io.RXTXPort$SerialInputStream.read([BII)I+212
j  gnu.io.RXTXPort$SerialInputStream.read([B)I+60
j  Win7Ublox7.run()V+108
j  java.lang.Thread.run()V+11 java.base@9.0.4
v  ~StubRoutines::call_stub

siginfo: EXCEPTION_ACCESS_VIOLATION (0xc0000005), reading address 0xffffffffeabfefb8


Register to memory mapping:

RIP=0x0000000180005d00 rxtxSerial.dll
RAX=0x0000000000000001 is an unknown value
RBX=0x0000000000000000 is an unknown value
RCX=0x00000001800224a5 rxtxSerial.dll
RDX=0xfffffffffffff665 is an unknown value
RSP=0x00000004ea7feba0 is pointing into the stack for thread: 0x0000018fdf5df000
RBP=
[error occurred during error reporting (printing register info), id 0xc0000005]

Registers:
RAX=0x0000000000000001, RBX=0x0000000000000000, RCX=0x00000001800224a5, RDX=0xfffffffffffff665
RSP=0x00000004ea7feba0, RBP=0x00000000ffffffff, RSI=0x0000000000000000, RDI=0x0000018fdf5df218
R8 =0x0000000000000002, R9 =0xfffffffffffff66c, R10=0x000000000000000a, R11=0x8101010101010100
R12=0xffffffffeabfefb0, R13=0x0000000000000001, R14=0x00000004ea7fed90, R15=0x0000000000000000
RIP=0x0000000180005d00, EFLAGS=0x0000000000010202

Top of Stack: (sp=0x00000004ea7feba0)
0x00000004ea7feba0:   0000000000000000 0000000000000000
0x00000004ea7febb0:   00000004ea7fed98 0000000000000000
0x00000004ea7febc0:   0000000000000000 00000004ea7fed90
0x00000004ea7febd0:   0000018fe035b3d8 0000000000000001
0x00000004ea7febe0:   0000018fdf5df218 0000000000000001
0x00000004ea7febf0:   ffffffffffffffff 0000000180006551
0x00000004ea7fec00:   0000018fdc25fca0 0000000000000001
0x00000004ea7fec10:   0000000000000001 0000018fdc25fca0
0x00000004ea7fec20:   0000000000000001 00000000ffffffff
0x00000004ea7fec30:   00000004ea7fed98 0000018fe035b3e0
0x00000004ea7fec40:   0000018fdf5df000 0000018fdea95d10
0x00000004ea7fec50:   0000018fdcade630 0000000068a78b00
0x00000004ea7fec60:   00000004ea7ff2e8 0000000068c84096
0x00000004ea7fec70:   0000000000000000 0000bd6cc9ce1808
0x00000004ea7fec80:   0000018fe035b3e0 0000018fe035b3d8
0x00000004ea7fec90:   0000018fdf5df000 00000004ea7fed98 

Instructions: (pc=0x0000000180005d00)
0x0000000180005ce0:   15 f3 c7 01 00 48 8d 48 60 e8 12 6d 00 00 4c 8b
0x0000000180005cf0:   e5 8b ac 24 88 00 00 00 44 8b ac 24 80 00 00 00
0x0000000180005d00:   45 8b 74 24 08 85 ed 41 89 5c 24 08 41 8b fd 78
0x0000000180005d10:   09 ff 15 e9 52 01 00 44 8b f8 45 85 ed 7e 4b 90 



---------------  P R O C E S S  ---------------

Java Threads: ( => current thread )
  0x0000018fdf5db000 JavaThread "DestroyJavaVM" [_thread_blocked, id=11672, stack(0x00000004e8400000,0x00000004e8500000)]
  0x0000018fdf5da800 JavaThread "Thread-1" [_thread_in_native, id=8108, stack(0x00000004eab00000,0x00000004eac00000)]
=>0x0000018fdf5df000 JavaThread "Thread-0" [_thread_in_native, id=11020, stack(0x00000004ea700000,0x00000004ea800000)]
  0x0000018fdea95000 JavaThread "Image Fetcher 3" daemon [_thread_blocked, id=12044, stack(0x00000004ea600000,0x00000004ea700000)]
  0x0000018fdce47800 JavaThread "AWT-EventQueue-0" [_thread_blocked, id=1600, stack(0x00000004ea500000,0x00000004ea600000)]
  0x0000018fdea8c800 JavaThread "Image Fetcher 2" daemon [_thread_blocked, id=7108, stack(0x00000004ea400000,0x00000004ea500000)]
  0x0000018fdeb18800 JavaThread "Keep-Alive-Timer" daemon [_thread_blocked, id=10968, stack(0x00000004ea300000,0x00000004ea400000)]
  0x0000018fdc9e6000 JavaThread "Image Fetcher 1" daemon [_thread_blocked, id=1284, stack(0x00000004ea000000,0x00000004ea100000)]
  0x0000018fdc9e7800 JavaThread "Image Fetcher 0" daemon [_thread_blocked, id=7612, stack(0x00000004e9f00000,0x00000004ea000000)]
  0x0000018fdc48f000 JavaThread "AWT-Windows" daemon [_thread_in_native, id=6852, stack(0x00000004e9e00000,0x00000004e9f00000)]
  0x0000018fdc4ba800 JavaThread "AWT-Shutdown" [_thread_blocked, id=7932, stack(0x00000004e9d00000,0x00000004e9e00000)]
  0x0000018fdc7c6800 JavaThread "Java2D Disposer" daemon [_thread_blocked, id=224, stack(0x00000004e9c00000,0x00000004e9d00000)]
  0x0000018fdc1e5800 JavaThread "Service Thread" daemon [_thread_blocked, id=3276, stack(0x00000004e9a00000,0x00000004e9b00000)]
  0x0000018fdc000000 JavaThread "Common-Cleaner" daemon [_thread_blocked, id=11800, stack(0x00000004e9900000,0x00000004e9a00000)]
  0x0000018fdbf06800 JavaThread "Sweeper thread" daemon [_thread_blocked, id=7952, stack(0x00000004e9800000,0x00000004e9900000)]
  0x0000018fdbf06000 JavaThread "C1 CompilerThread2" daemon [_thread_blocked, id=1080, stack(0x00000004e9700000,0x00000004e9800000)]
  0x0000018fdbefd000 JavaThread "C2 CompilerThread1" daemon [_thread_in_native, id=10016, stack(0x00000004e9600000,0x00000004e9700000)]
  0x0000018fdbee7800 JavaThread "C2 CompilerThread0" daemon [_thread_blocked, id=7088, stack(0x00000004e9500000,0x00000004e9600000)]
  0x0000018fdbee6800 JavaThread "Attach Listener" daemon [_thread_blocked, id=11460, stack(0x00000004e9400000,0x00000004e9500000)]
  0x0000018fdbee6000 JavaThread "Signal Dispatcher" daemon [_thread_blocked, id=9940, stack(0x00000004e9300000,0x00000004e9400000)]
  0x0000018fdbede800 JavaThread "Finalizer" daemon [_thread_blocked, id=9144, stack(0x00000004e9200000,0x00000004e9300000)]
  0x0000018fdbeaa800 JavaThread "Reference Handler" daemon [_thread_blocked, id=2368, stack(0x00000004e9100000,0x00000004e9200000)]

Other Threads:
  0x0000018fdbed5800 VMThread "VM Thread" [stack: 0x00000004e9000000,0x00000004e9100000] [id=9360]
  0x0000018fdc1ec000 WatcherThread [stack: 0x00000004e9b00000,0x00000004e9c00000] [id=11456]
  0x0000018fbc49d000 GCTaskThread "GC Thread#0" [stack: 0x00000004e8500000,0x00000004e8600000] [id=11284]
  0x0000018fbc49e000 GCTaskThread "GC Thread#1" [stack: 0x00000004e8600000,0x00000004e8700000] [id=10832]
  0x0000018fbc4a1000 GCTaskThread "GC Thread#2" [stack: 0x00000004e8700000,0x00000004e8800000] [id=616]
  0x0000018fbc4a4000 GCTaskThread "GC Thread#3" [stack: 0x00000004e8800000,0x00000004e8900000] [id=7584]
  0x0000018fbc51f800 ConcurrentGCThread "G1 Main Marker" [stack: 0x00000004e8e00000,0x00000004e8f00000] [id=6996]
  0x0000018fbc520800 ConcurrentGCThread "G1 Marker#0" [stack: 0x00000004e8f00000,0x00000004e9000000] [id=2608]
  0x0000018fbc4b6000 ConcurrentGCThread "G1 Refine#0" [stack: 0x00000004e8c00000,0x00000004e8d00000] [id=10000]
  0x0000018fbc4b3800 ConcurrentGCThread "G1 Refine#1" [stack: 0x00000004e8b00000,0x00000004e8c00000] [id=7800]
  0x0000018fbc4b1000 ConcurrentGCThread "G1 Refine#2" [stack: 0x00000004e8a00000,0x00000004e8b00000] [id=11376]
  0x0000018fbc4aa000 ConcurrentGCThread "G1 Refine#3" [stack: 0x00000004e8900000,0x00000004e8a00000] [id=10548]
  0x0000018fbc4b7000 ConcurrentGCThread "G1 Young RemSet Sampling" [stack: 0x00000004e8d00000,0x00000004e8e00000] [id=11632]

Threads with active compile tasks:
C2 CompilerThread11750   !   4       sun.awt.image.PNGImageDecoder::produceImage (1926 bytes)

VM state:not at safepoint (normal execution)

VM Mutex/Monitor currently owned by a thread: None

Heap address: 0x0000000081600000, size: 2026 MB, Compressed Oops mode: 32-bit
Narrow klass base: 0x0000000000000000, Narrow klass shift: 3
Compressed class space size: 1073741824 Address: 0x0000000100000000

Heap:
 garbage-first heap   total 131072K, used 34127K [0x0000000081600000, 0x0000000081700400, 0x0000000100000000)
  region size 1024K, 17 young (17408K), 1 survivors (1024K)
 Metaspace       used 19197K, capacity 20418K, committed 20480K, reserved 1067008K
  class space    used 2325K, capacity 2554K, committed 2560K, reserved 1048576K
Heap Regions: E=young(eden), S=young(survivor), O=old, HS=humongous(starts), HC=humongous(continues), CS=collection set, F=free, A=archive, TS=gc time stamp, AC=allocation context, TAMS=top-at-mark-start (previous, next)
|   0|0x0000000081600000, 0x0000000081700000, 0x0000000081700000|100%| O|  |TS  1|AC  0|TAMS 0x0000000081600000, 0x0000000081600000|
|   1|0x0000000081700000, 0x0000000081800000, 0x0000000081800000|100%| O|  |TS  3|AC  0|TAMS 0x0000000081700000, 0x0000000081700000|
|   2|0x0000000081800000, 0x0000000081900000, 0x0000000081900000|100%| O|  |TS  3|AC  0|TAMS 0x0000000081800000, 0x0000000081800000|
|   3|0x0000000081900000, 0x0000000081953c00, 0x0000000081a00000| 32%| O|  |TS  3|AC  0|TAMS 0x0000000081900000, 0x0000000081900000|
|   4|0x0000000081a00000, 0x0000000081b00000, 0x0000000081b00000|100%|HS|  |TS  0|AC  0|TAMS 0x0000000081a00000, 0x0000000081a00000|
|   5|0x0000000081b00000, 0x0000000081c00000, 0x0000000081c00000|100%|HC|  |TS  0|AC  0|TAMS 0x0000000081b00000, 0x0000000081b00000|
|   6|0x0000000081c00000, 0x0000000081d00000, 0x0000000081d00000|100%|HS|  |TS  0|AC  0|TAMS 0x0000000081c00000, 0x0000000081c00000|
|   7|0x0000000081d00000, 0x0000000081e00000, 0x0000000081e00000|100%|HC|  |TS  0|AC  0|TAMS 0x0000000081d00000, 0x0000000081d00000|
|   8|0x0000000081e00000, 0x0000000081f00000, 0x0000000081f00000|100%|HC|  |TS  0|AC  0|TAMS 0x0000000081e00000, 0x0000000081e00000|
|   9|0x0000000081f00000, 0x0000000082000000, 0x0000000082000000|100%|HC|  |TS  0|AC  0|TAMS 0x0000000081f00000, 0x0000000081f00000|
|  10|0x0000000082000000, 0x0000000082100000, 0x0000000082100000|100%|HC|  |TS  0|AC  0|TAMS 0x0000000082000000, 0x0000000082000000|
|  11|0x0000000082100000, 0x0000000082200000, 0x0000000082200000|100%|HC|  |TS  0|AC  0|TAMS 0x0000000082100000, 0x0000000082100000|
|  12|0x0000000082200000, 0x0000000082300000, 0x0000000082300000|100%|HC|  |TS  0|AC  0|TAMS 0x0000000082200000, 0x0000000082200000|
|  13|0x0000000082300000, 0x0000000082400000, 0x0000000082400000|100%|HC|  |TS  0|AC  0|TAMS 0x0000000082300000, 0x0000000082300000|
|  14|0x0000000082400000, 0x0000000082500000, 0x0000000082500000|100%|HS|  |TS  0|AC  0|TAMS 0x0000000082400000, 0x0000000082400000|
|  15|0x0000000082500000, 0x0000000082600000, 0x0000000082600000|100%|HS|  |TS  0|AC  0|TAMS 0x0000000082500000, 0x0000000082500000|
|  16|0x0000000082600000, 0x0000000082700000, 0x0000000082700000|100%|HS|  |TS  0|AC  0|TAMS 0x0000000082600000, 0x0000000082600000|
|  17|0x0000000082700000, 0x0000000082800000, 0x0000000082800000|100%|HS|  |TS  0|AC  0|TAMS 0x0000000082700000, 0x0000000082700000|
|  18|0x0000000082800000, 0x0000000082800000, 0x0000000082900000|  0%| F|  |TS  0|AC  0|TAMS 0x0000000082800000, 0x0000000082800000|
|  19|0x0000000082900000, 0x0000000082900000, 0x0000000082a00000|  0%| F|  |TS  0|AC  0|TAMS 0x0000000082900000, 0x0000000082900000|
|  20|0x0000000082a00000, 0x0000000082a00000, 0x0000000082b00000|  0%| F|  |TS  0|AC  0|TAMS 0x0000000082a00000, 0x0000000082a00000|
|  21|0x0000000082b00000, 0x0000000082b00000, 0x0000000082c00000|  0%| F|  |TS  0|AC  0|TAMS 0x0000000082b00000, 0x0000000082b00000|
|  22|0x0000000082c00000, 0x0000000082c00000, 0x0000000082d00000|  0%| F|  |TS  0|AC  0|TAMS 0x0000000082c00000, 0x0000000082c00000|
|  23|0x0000000082d00000, 0x0000000082d00000, 0x0000000082e00000|  0%| F|  |TS  0|AC  0|TAMS 0x0000000082d00000, 0x0000000082d00000|
|  24|0x0000000082e00000, 0x0000000082e00000, 0x0000000082f00000|  0%| F|  |TS  0|AC  0|TAMS 0x0000000082e00000, 0x0000000082e00000|
|  25|0x0000000082f00000, 0x0000000082f00000, 0x0000000083000000|  0%| F|  |TS  0|AC  0|TAMS 0x0000000082f00000, 0x0000000082f00000|
|  26|0x0000000083000000, 0x0000000083000000, 0x0000000083100000|  0%| F|  |TS  0|AC  0|TAMS 0x0000000083000000, 0x0000000083000000|
|  27|0x0000000083100000, 0x0000000083100000, 0x0000000083200000|  0%| F|  |TS  0|AC  0|TAMS 0x0000000083100000, 0x0000000083100000|
|  28|0x0000000083200000, 0x0000000083200000, 0x0000000083300000|  0%| F|  |TS  0|AC  0|TAMS 0x0000000083200000, 0x0000000083200000|
|  29|0x0000000083300000, 0x0000000083300000, 0x0000000083400000|  0%| F|  |TS  0|AC  0|TAMS 0x0000000083300000, 0x0000000083300000|
|  30|0x0000000083400000, 0x0000000083400000, 0x0000000083500000|  0%| F|  |TS  0|AC  0|TAMS 0x0000000083400000, 0x0000000083400000|
|  31|0x0000000083500000, 0x0000000083500000, 0x0000000083600000|  0%| F|  |TS  0|AC  0|TAMS 0x0000000083500000, 0x0000000083500000|
|  32|0x0000000083600000, 0x0000000083600000, 0x0000000083700000|  0%| F|  |TS  0|AC  0|TAMS 0x0000000083600000, 0x0000000083600000|
|  33|0x0000000083700000, 0x0000000083700000, 0x0000000083800000|  0%| F|  |TS  0|AC  0|TAMS 0x0000000083700000, 0x0000000083700000|
|  34|0x0000000083800000, 0x0000000083800000, 0x0000000083900000|  0%| F|  |TS  0|AC  0|TAMS 0x0000000083800000, 0x0000000083800000|
|  35|0x0000000083900000, 0x0000000083900000, 0x0000000083a00000|  0%| F|  |TS  0|AC  0|TAMS 0x0000000083900000, 0x0000000083900000|
|  36|0x0000000083a00000, 0x0000000083a00000, 0x0000000083b00000|  0%| F|  |TS  0|AC  0|TAMS 0x0000000083a00000, 0x0000000083a00000|
|  37|0x0000000083b00000, 0x0000000083b00000, 0x0000000083c00000|  0%| F|  |TS  0|AC  0|TAMS 0x0000000083b00000, 0x0000000083b00000|
|  38|0x0000000083c00000, 0x0000000083c00000, 0x0000000083d00000|  0%| F|  |TS  0|AC  0|TAMS 0x0000000083c00000, 0x0000000083c00000|
|  39|0x0000000083d00000, 0x0000000083d00000, 0x0000000083e00000|  0%| F|  |TS  0|AC  0|TAMS 0x0000000083d00000, 0x0000000083d00000|
|  40|0x0000000083e00000, 0x0000000083e00000, 0x0000000083f00000|  0%| F|  |TS  0|AC  0|TAMS 0x0000000083e00000, 0x0000000083e00000|
|  41|0x0000000083f00000, 0x0000000083f00000, 0x0000000084000000|  0%| F|  |TS  0|AC  0|TAMS 0x0000000083f00000, 0x0000000083f00000|
|  42|0x0000000084000000, 0x0000000084000000, 0x0000000084100000|  0%| F|  |TS  0|AC  0|TAMS 0x0000000084000000, 0x0000000084000000|
|  43|0x0000000084100000, 0x0000000084100000, 0x0000000084200000|  0%| F|  |TS  0|AC  0|TAMS 0x0000000084100000, 0x0000000084100000|
|  44|0x0000000084200000, 0x0000000084200000, 0x0000000084300000|  0%| F|  |TS  0|AC  0|TAMS 0x0000000084200000, 0x0000000084200000|
|  45|0x0000000084300000, 0x0000000084300000, 0x0000000084400000|  0%| F|  |TS  0|AC  0|TAMS 0x0000000084300000, 0x0000000084300000|
|  46|0x0000000084400000, 0x0000000084400000, 0x0000000084500000|  0%| F|  |TS  0|AC  0|TAMS 0x0000000084400000, 0x0000000084400000|
|  47|0x0000000084500000, 0x0000000084500000, 0x0000000084600000|  0%| F|  |TS  0|AC  0|TAMS 0x0000000084500000, 0x0000000084500000|
|  48|0x0000000084600000, 0x0000000084600000, 0x0000000084700000|  0%| F|  |TS  0|AC  0|TAMS 0x0000000084600000, 0x0000000084600000|
|  49|0x0000000084700000, 0x0000000084700000, 0x0000000084800000|  0%| F|  |TS  0|AC  0|TAMS 0x0000000084700000, 0x0000000084700000|
|  50|0x0000000084800000, 0x0000000084800000, 0x0000000084900000|  0%| F|  |TS  0|AC  0|TAMS 0x0000000084800000, 0x0000000084800000|
|  51|0x0000000084900000, 0x0000000084900000, 0x0000000084a00000|  0%| F|  |TS  0|AC  0|TAMS 0x0000000084900000, 0x0000000084900000|
|  52|0x0000000084a00000, 0x0000000084a00000, 0x0000000084b00000|  0%| F|  |TS  0|AC  0|TAMS 0x0000000084a00000, 0x0000000084a00000|
|  53|0x0000000084b00000, 0x0000000084b00000, 0x0000000084c00000|  0%| F|  |TS  0|AC  0|TAMS 0x0000000084b00000, 0x0000000084b00000|
|  54|0x0000000084c00000, 0x0000000084c00000, 0x0000000084d00000|  0%| F|  |TS  0|AC  0|TAMS 0x0000000084c00000, 0x0000000084c00000|
|  55|0x0000000084d00000, 0x0000000084d00000, 0x0000000084e00000|  0%| F|  |TS  0|AC  0|TAMS 0x0000000084d00000, 0x0000000084d00000|
|  56|0x0000000084e00000, 0x0000000084e00000, 0x0000000084f00000|  0%| F|  |TS  0|AC  0|TAMS 0x0000000084e00000, 0x0000000084e00000|
|  57|0x0000000084f00000, 0x0000000084f00000, 0x0000000085000000|  0%| F|  |TS  0|AC  0|TAMS 0x0000000084f00000, 0x0000000084f00000|
|  58|0x0000000085000000, 0x0000000085000000, 0x0000000085100000|  0%| F|  |TS  0|AC  0|TAMS 0x0000000085000000, 0x0000000085000000|
|  59|0x0000000085100000, 0x0000000085100000, 0x0000000085200000|  0%| F|  |TS  0|AC  0|TAMS 0x0000000085100000, 0x0000000085100000|
|  60|0x0000000085200000, 0x0000000085200000, 0x0000000085300000|  0%| F|  |TS  0|AC  0|TAMS 0x0000000085200000, 0x0000000085200000|
|  61|0x0000000085300000, 0x0000000085300000, 0x0000000085400000|  0%| F|  |TS  0|AC  0|TAMS 0x0000000085300000, 0x0000000085300000|
|  62|0x0000000085400000, 0x0000000085400000, 0x0000000085500000|  0%| F|  |TS  0|AC  0|TAMS 0x0000000085400000, 0x0000000085400000|
|  63|0x0000000085500000, 0x0000000085500000, 0x0000000085600000|  0%| F|  |TS  0|AC  0|TAMS 0x0000000085500000, 0x0000000085500000|
|  64|0x0000000085600000, 0x0000000085600000, 0x0000000085700000|  0%| F|  |TS  0|AC  0|TAMS 0x0000000085600000, 0x0000000085600000|
|  65|0x0000000085700000, 0x0000000085700000, 0x0000000085800000|  0%| F|  |TS  0|AC  0|TAMS 0x0000000085700000, 0x0000000085700000|
|  66|0x0000000085800000, 0x0000000085800000, 0x0000000085900000|  0%| F|  |TS  0|AC  0|TAMS 0x0000000085800000, 0x0000000085800000|
|  67|0x0000000085900000, 0x0000000085900000, 0x0000000085a00000|  0%| F|  |TS  0|AC  0|TAMS 0x0000000085900000, 0x0000000085900000|
|  68|0x0000000085a00000, 0x0000000085a00000, 0x0000000085b00000|  0%| F|  |TS  0|AC  0|TAMS 0x0000000085a00000, 0x0000000085a00000|
|  69|0x0000000085b00000, 0x0000000085b00000, 0x0000000085c00000|  0%| F|  |TS  0|AC  0|TAMS 0x0000000085b00000, 0x0000000085b00000|
|  70|0x0000000085c00000, 0x0000000085c00000, 0x0000000085d00000|  0%| F|  |TS  0|AC  0|TAMS 0x0000000085c00000, 0x0000000085c00000|
|  71|0x0000000085d00000, 0x0000000085d00000, 0x0000000085e00000|  0%| F|  |TS  0|AC  0|TAMS 0x0000000085d00000, 0x0000000085d00000|
|  72|0x0000000085e00000, 0x0000000085e00000, 0x0000000085f00000|  0%| F|  |TS  0|AC  0|TAMS 0x0000000085e00000, 0x0000000085e00000|
|  73|0x0000000085f00000, 0x0000000085f00000, 0x0000000086000000|  0%| F|  |TS  0|AC  0|TAMS 0x0000000085f00000, 0x0000000085f00000|
|  74|0x0000000086000000, 0x0000000086000000, 0x0000000086100000|  0%| F|  |TS  0|AC  0|TAMS 0x0000000086000000, 0x0000000086000000|
|  75|0x0000000086100000, 0x0000000086100000, 0x0000000086200000|  0%| F|  |TS  0|AC  0|TAMS 0x0000000086100000, 0x0000000086100000|
|  76|0x0000000086200000, 0x0000000086200000, 0x0000000086300000|  0%| F|  |TS  0|AC  0|TAMS 0x0000000086200000, 0x0000000086200000|
|  77|0x0000000086300000, 0x0000000086300000, 0x0000000086400000|  0%| F|  |TS  0|AC  0|TAMS 0x0000000086300000, 0x0000000086300000|
|  78|0x0000000086400000, 0x0000000086400000, 0x0000000086500000|  0%| F|  |TS  0|AC  0|TAMS 0x0000000086400000, 0x0000000086400000|
|  79|0x0000000086500000, 0x0000000086500000, 0x0000000086600000|  0%| F|  |TS  0|AC  0|TAMS 0x0000000086500000, 0x0000000086500000|
|  80|0x0000000086600000, 0x0000000086600000, 0x0000000086700000|  0%| F|  |TS  0|AC  0|TAMS 0x0000000086600000, 0x0000000086600000|
|  81|0x0000000086700000, 0x0000000086700000, 0x0000000086800000|  0%| F|  |TS  0|AC  0|TAMS 0x0000000086700000, 0x0000000086700000|
|  82|0x0000000086800000, 0x0000000086800000, 0x0000000086900000|  0%| F|  |TS  0|AC  0|TAMS 0x0000000086800000, 0x0000000086800000|
|  83|0x0000000086900000, 0x0000000086900000, 0x0000000086a00000|  0%| F|  |TS  0|AC  0|TAMS 0x0000000086900000, 0x0000000086900000|
|  84|0x0000000086a00000, 0x0000000086a00000, 0x0000000086b00000|  0%| F|  |TS  0|AC  0|TAMS 0x0000000086a00000, 0x0000000086a00000|
|  85|0x0000000086b00000, 0x0000000086b00000, 0x0000000086c00000|  0%| F|  |TS  0|AC  0|TAMS 0x0000000086b00000, 0x0000000086b00000|
|  86|0x0000000086c00000, 0x0000000086c00000, 0x0000000086d00000|  0%| F|  |TS  0|AC  0|TAMS 0x0000000086c00000, 0x0000000086c00000|
|  87|0x0000000086d00000, 0x0000000086d00000, 0x0000000086e00000|  0%| F|  |TS  0|AC  0|TAMS 0x0000000086d00000, 0x0000000086d00000|
|  88|0x0000000086e00000, 0x0000000086e00000, 0x0000000086f00000|  0%| F|  |TS  0|AC  0|TAMS 0x0000000086e00000, 0x0000000086e00000|
|  89|0x0000000086f00000, 0x0000000086f00000, 0x0000000087000000|  0%| F|  |TS  0|AC  0|TAMS 0x0000000086f00000, 0x0000000086f00000|
|  90|0x0000000087000000, 0x0000000087000000, 0x0000000087100000|  0%| F|  |TS  0|AC  0|TAMS 0x0000000087000000, 0x0000000087000000|
|  91|0x0000000087100000, 0x0000000087100000, 0x0000000087200000|  0%| F|  |TS  0|AC  0|TAMS 0x0000000087100000, 0x0000000087100000|
|  92|0x0000000087200000, 0x0000000087200000, 0x0000000087300000|  0%| F|  |TS  0|AC  0|TAMS 0x0000000087200000, 0x0000000087200000|
|  93|0x0000000087300000, 0x0000000087300000, 0x0000000087400000|  0%| F|  |TS  0|AC  0|TAMS 0x0000000087300000, 0x0000000087300000|
|  94|0x0000000087400000, 0x0000000087400000, 0x0000000087500000|  0%| F|  |TS  0|AC  0|TAMS 0x0000000087400000, 0x0000000087400000|
|  95|0x0000000087500000, 0x0000000087500000, 0x0000000087600000|  0%| F|  |TS  0|AC  0|TAMS 0x0000000087500000, 0x0000000087500000|
|  96|0x0000000087600000, 0x0000000087600000, 0x0000000087700000|  0%| F|  |TS  0|AC  0|TAMS 0x0000000087600000, 0x0000000087600000|
|  97|0x0000000087700000, 0x0000000087700000, 0x0000000087800000|  0%| F|  |TS  0|AC  0|TAMS 0x0000000087700000, 0x0000000087700000|
|  98|0x0000000087800000, 0x0000000087800000, 0x0000000087900000|  0%| F|  |TS  0|AC  0|TAMS 0x0000000087800000, 0x0000000087800000|
|  99|0x0000000087900000, 0x0000000087900000, 0x0000000087a00000|  0%| F|  |TS  0|AC  0|TAMS 0x0000000087900000, 0x0000000087900000|
| 100|0x0000000087a00000, 0x0000000087a00000, 0x0000000087b00000|  0%| F|  |TS  0|AC  0|TAMS 0x0000000087a00000, 0x0000000087a00000|
| 101|0x0000000087b00000, 0x0000000087b00000, 0x0000000087c00000|  0%| F|  |TS  0|AC  0|TAMS 0x0000000087b00000, 0x0000000087b00000|
| 102|0x0000000087c00000, 0x0000000087c00000, 0x0000000087d00000|  0%| F|  |TS  0|AC  0|TAMS 0x0000000087c00000, 0x0000000087c00000|
| 103|0x0000000087d00000, 0x0000000087d00000, 0x0000000087e00000|  0%| F|  |TS  0|AC  0|TAMS 0x0000000087d00000, 0x0000000087d00000|
| 104|0x0000000087e00000, 0x0000000087e00000, 0x0000000087f00000|  0%| F|  |TS  0|AC  0|TAMS 0x0000000087e00000, 0x0000000087e00000|
| 105|0x0000000087f00000, 0x0000000087f00000, 0x0000000088000000|  0%| F|  |TS  0|AC  0|TAMS 0x0000000087f00000, 0x0000000087f00000|
| 106|0x0000000088000000, 0x0000000088000000, 0x0000000088100000|  0%| F|  |TS  0|AC  0|TAMS 0x0000000088000000, 0x0000000088000000|
| 107|0x0000000088100000, 0x0000000088100000, 0x0000000088200000|  0%| F|  |TS  0|AC  0|TAMS 0x0000000088100000, 0x0000000088100000|
| 108|0x0000000088200000, 0x0000000088200000, 0x0000000088300000|  0%| F|  |TS  0|AC  0|TAMS 0x0000000088200000, 0x0000000088200000|
| 109|0x0000000088300000, 0x0000000088300000, 0x0000000088400000|  0%| F|  |TS  0|AC  0|TAMS 0x0000000088300000, 0x0000000088300000|
| 110|0x0000000088400000, 0x0000000088400000, 0x0000000088500000|  0%| F|  |TS  0|AC  0|TAMS 0x0000000088400000, 0x0000000088400000|
| 111|0x0000000088500000, 0x00000000885766a0, 0x0000000088600000| 46%| E|  |TS  0|AC  0|TAMS 0x0000000088500000, 0x0000000088500000|
| 112|0x0000000088600000, 0x0000000088700000, 0x0000000088700000|100%| E|CS|TS  3|AC  0|TAMS 0x0000000088600000, 0x0000000088600000|
| 113|0x0000000088700000, 0x0000000088800000, 0x0000000088800000|100%| E|CS|TS  3|AC  0|TAMS 0x0000000088700000, 0x0000000088700000|
| 114|0x0000000088800000, 0x0000000088900000, 0x0000000088900000|100%| E|CS|TS  1|AC  0|TAMS 0x0000000088800000, 0x0000000088800000|
| 115|0x0000000088900000, 0x0000000088a00000, 0x0000000088a00000|100%| E|CS|TS  1|AC  0|TAMS 0x0000000088900000, 0x0000000088900000|
| 116|0x0000000088a00000, 0x0000000088b00000, 0x0000000088b00000|100%| E|CS|TS  1|AC  0|TAMS 0x0000000088a00000, 0x0000000088a00000|
| 117|0x0000000088b00000, 0x0000000088c00000, 0x0000000088c00000|100%| E|CS|TS  1|AC  0|TAMS 0x0000000088b00000, 0x0000000088b00000|
| 118|0x0000000088c00000, 0x0000000088d00000, 0x0000000088d00000|100%| E|CS|TS  1|AC  0|TAMS 0x0000000088c00000, 0x0000000088c00000|
| 119|0x0000000088d00000, 0x0000000088e00000, 0x0000000088e00000|100%| E|CS|TS  1|AC  0|TAMS 0x0000000088d00000, 0x0000000088d00000|
| 120|0x0000000088e00000, 0x0000000088f00000, 0x0000000088f00000|100%| E|CS|TS  1|AC  0|TAMS 0x0000000088e00000, 0x0000000088e00000|
| 121|0x0000000088f00000, 0x0000000089000000, 0x0000000089000000|100%| S|CS|TS  3|AC  0|TAMS 0x0000000088f00000, 0x0000000088f00000|
| 122|0x0000000089000000, 0x0000000089100000, 0x0000000089100000|100%| E|CS|TS  3|AC  0|TAMS 0x0000000089000000, 0x0000000089000000|
| 123|0x0000000089100000, 0x0000000089200000, 0x0000000089200000|100%| E|CS|TS  3|AC  0|TAMS 0x0000000089100000, 0x0000000089100000|
| 124|0x0000000089200000, 0x0000000089300000, 0x0000000089300000|100%| E|CS|TS  3|AC  0|TAMS 0x0000000089200000, 0x0000000089200000|
| 125|0x0000000089300000, 0x0000000089400000, 0x0000000089400000|100%| E|CS|TS  3|AC  0|TAMS 0x0000000089300000, 0x0000000089300000|
| 126|0x0000000089400000, 0x0000000089500000, 0x0000000089500000|100%| E|CS|TS  3|AC  0|TAMS 0x0000000089400000, 0x0000000089400000|
| 127|0x0000000089500000, 0x0000000089600000, 0x0000000089600000|100%| E|CS|TS  3|AC  0|TAMS 0x0000000089500000, 0x0000000089500000|

Card table byte_map: [0x0000018fd48e0000,0x0000018fd4ce0000] byte_map_base: 0x0000018fd44d5000

Marking Bits (Prev, Next): (CMBitMap*) 0x0000018fbc51e9a0, (CMBitMap*) 0x0000018fbc51e9d8
 Prev Bits: [0x0000018fd50e0000, 0x0000018fd7088000)
 Next Bits: [0x0000018fd7090000, 0x0000018fd9038000)

Polling page: 0x0000018fbc780000

CodeHeap 'non-profiled nmethods': size=120064Kb used=750Kb max_used=750Kb free=119313Kb
 bounds [0x0000018fcc580000, 0x0000018fcc7f0000, 0x0000018fd3ac0000]
CodeHeap 'profiled nmethods': size=120000Kb used=3480Kb max_used=3480Kb free=116520Kb
 bounds [0x0000018fc5050000, 0x0000018fc53c0000, 0x0000018fcc580000]
CodeHeap 'non-nmethods': size=5696Kb used=1398Kb max_used=1412Kb free=4297Kb
 bounds [0x0000018fc4ac0000, 0x0000018fc4d30000, 0x0000018fc5050000]
 total_blobs=2850 nmethods=1850 adapters=560
 compilation: enabled

Compilation events (10 events):
Event: 1.369 Thread 0x0000018fdbf06000 nmethod 1831 0x0000018fcc632890 code [0x0000018fcc632a40, 0x0000018fcc632b58]
Event: 1.369 Thread 0x0000018fdbf06000 1832       1       java.awt.Component::isMaximumSizeSet (5 bytes)
Event: 1.369 Thread 0x0000018fdbf06000 nmethod 1832 0x0000018fcc632c10 code [0x0000018fcc632dc0, 0x0000018fcc632ed8]
Event: 1.369 Thread 0x0000018fdbf06000 1833       1       java.awt.Component::getGraphicsConfiguration_NoClientCode (5 bytes)
Event: 1.369 Thread 0x0000018fdbf06000 nmethod 1833 0x0000018fcc632f90 code [0x0000018fcc633140, 0x0000018fcc633258]
Event: 1.369 Thread 0x0000018fdbf06000 1834       3       java.awt.Rectangle::<init> (26 bytes)
Event: 1.369 Thread 0x0000018fdbf06000 nmethod 1834 0x0000018fc53b2810 code [0x0000018fc53b29c0, 0x0000018fc53b2c38]
Event: 1.370 Thread 0x0000018fdbf06000 1835       3       java.awt.Component::isVisible (5 bytes)
Event: 1.370 Thread 0x0000018fdbf06000 nmethod 1835 0x0000018fc53b2d90 code [0x0000018fc53b2f40, 0x0000018fc53b3138]
Event: 1.379 Thread 0x0000018fdbf06000 1836       1       java.util.EventObject::getSource (5 bytes)

GC Heap History (4 events):
Event: 0.560 GC heap before
{Heap before GC invocations=0 (full 0):
 garbage-first heap   total 131072K, used 14336K [0x0000000081600000, 0x0000000081700400, 0x0000000100000000)
  region size 1024K, 14 young (14336K), 0 survivors (0K)
 Metaspace       used 12774K, capacity 13680K, committed 13824K, reserved 1060864K
  class space    used 1534K, capacity 1759K, committed 1792K, reserved 1048576K
}
Event: 0.565 GC heap after
{Heap after GC invocations=1 (full 0):
 garbage-first heap   total 131072K, used 3367K [0x0000000081600000, 0x0000000081700400, 0x0000000100000000)
  region size 1024K, 2 young (2048K), 2 survivors (2048K)
 Metaspace       used 12774K, capacity 13680K, committed 13824K, reserved 1060864K
  class space    used 1534K, capacity 1759K, committed 1792K, reserved 1048576K
}
Event: 0.734 GC heap before
{Heap before GC invocations=1 (full 0):
 garbage-first heap   total 131072K, used 9511K [0x0000000081600000, 0x0000000081700400, 0x0000000100000000)
  region size 1024K, 8 young (8192K), 2 survivors (2048K)
 Metaspace       used 14333K, capacity 15316K, committed 15488K, reserved 1062912K
  class space    used 1694K, capacity 1895K, committed 1920K, reserved 1048576K
}
Event: 0.741 GC heap after
{Heap after GC invocations=2 (full 0):
 garbage-first heap   total 131072K, used 4431K [0x0000000081600000, 0x0000000081700400, 0x0000000100000000)
  region size 1024K, 1 young (1024K), 1 survivors (1024K)
 Metaspace       used 14333K, capacity 15316K, committed 15488K, reserved 1062912K
  class space    used 1694K, capacity 1895K, committed 1920K, reserved 1048576K
}

Deoptimization events (10 events):
Event: 0.656 Thread 0x0000018fbc486800 Uncommon trap: reason=unstable_if action=reinterpret pc=0x0000018fcc5b49f4 method=java.lang.ref.ReferenceQueue.poll()Ljava/lang/ref/Reference; @ 4 c2
Event: 0.674 Thread 0x0000018fbc486800 Uncommon trap: reason=unstable_if action=reinterpret pc=0x0000018fcc5c8484 method=java.lang.CharacterDataLatin1.digit(II)I @ 82 c2
Event: 0.690 Thread 0x0000018fbc486800 Uncommon trap: reason=unstable_if action=reinterpret pc=0x0000018fcc5ca078 method=java.lang.CharacterDataLatin1.digit(II)I @ 82 c2
Event: 0.691 Thread 0x0000018fbc486800 Uncommon trap: reason=unstable_if action=reinterpret pc=0x0000018fcc5eb6e4 method=java.io.ByteArrayInputStream.read([BII)I @ 63 c2
Event: 0.748 Thread 0x0000018fbc486800 Uncommon trap: reason=unstable_if action=reinterpret pc=0x0000018fcc5c7474 method=java.lang.StringUTF16.compress([CI[BII)I @ 20 c2
Event: 0.764 Thread 0x0000018fbc486800 Uncommon trap: reason=unstable_if action=reinterpret pc=0x0000018fcc5db3b8 method=java.lang.ref.ReferenceQueue.poll()Ljava/lang/ref/Reference; @ 4 c2
Event: 0.790 Thread 0x0000018fbc486800 Uncommon trap: reason=unstable_if action=reinterpret pc=0x0000018fcc59819c method=java.lang.String.equals(Ljava/lang/Object;)Z @ 27 c2
Event: 0.829 Thread 0x0000018fbc486800 Uncommon trap: reason=unstable_if action=reinterpret pc=0x0000018fcc5df624 method=java.lang.String.equalsIgnoreCase(Ljava/lang/String;)Z @ 10 c2
Event: 1.127 Thread 0x0000018fbc486800 Uncommon trap: reason=unstable_if action=reinterpret pc=0x0000018fcc5ee6dc method=java.lang.ref.SoftReference.get()Ljava/lang/Object; @ 6 c2
Event: 1.336 Thread 0x0000018fdf5df000 Uncommon trap: reason=unstable_if action=reinterpret pc=0x0000018fcc5c5bb0 method=java.lang.AbstractStringBuilder.append(Ljava/lang/String;)Ljava/lang/AbstractStringBuilder; @ 1 c2

Classes redefined (0 events):
No events

Internal exceptions (10 events):
Event: 0.657 Thread 0x0000018fbc486800 Exception <a 'java/lang/NoSuchMethodError'{0x00000000891a7150}: java.lang.invoke.DirectMethodHandle$Holder.invokeStaticInit(Ljava/lang/Object;Ljava/lang/Object;IIII)Ljava/lang/Object;> (0x00000000891a7150) thrown at [t:/workspace/hotspot/src/share/vm/inte
Event: 0.706 Thread 0x0000018fbc486800 Exception <a 'java/lang/NoSuchMethodError'{0x000000008909ff48}: java.lang.Object.lambda$union$2(Ljava/util/regex/Pattern$CharPredicate;I)Z> (0x000000008909ff48) thrown at [t:/workspace/hotspot/src/share/vm/interpreter/linkResolver.cpp, line 731]
Event: 0.829 Thread 0x0000018fbc486800 Implicit null exception at 0x0000018fcc5df0fb to 0x0000018fcc5df611
Event: 1.115 Thread 0x0000018fbc486800 Exception <a 'java/lang/NoSuchMethodError'{0x0000000088e48c50}: java.lang.invoke.DirectMethodHandle$Holder.invokeStatic(Ljava/lang/Object;Ljava/lang/Object;Ljava/lang/Object;Ljava/lang/Object;Ljava/lang/Object;Ljava/lang/Object;Ljava/lang/Object;Ljava/lan
Event: 1.117 Thread 0x0000018fbc486800 Exception <a 'java/lang/NoSuchMethodError'{0x0000000088e66ff8}: java.lang.invoke.DirectMethodHandle$Holder.invokeStatic(Ljava/lang/Object;Ljava/lang/Object;Ljava/lang/Object;Ljava/lang/Object;Ljava/lang/Object;Ljava/lang/Object;Ljava/lang/Object;Ljava/lan
Event: 1.119 Thread 0x0000018fbc486800 Exception <a 'java/lang/NoSuchMethodError'{0x0000000088e86478}: java.lang.invoke.DirectMethodHandle$Holder.invokeStatic(Ljava/lang/Object;Ljava/lang/Object;Ljava/lang/Object;Ljava/lang/Object;Ljava/lang/Object;Ljava/lang/Object;Ljava/lang/Object;Ljava/lan
Event: 1.123 Thread 0x0000018fbc486800 Exception <a 'java/lang/NoSuchMethodError'{0x0000000088ea6e70}: java.lang.invoke.DirectMethodHandle$Holder.invokeStatic(Ljava/lang/Object;Ljava/lang/Object;Ljava/lang/Object;Ljava/lang/Object;Ljava/lang/Object;Ljava/lang/Object;Ljava/lang/Object;Ljava/lan
Event: 1.336 Thread 0x0000018fdf5df000 Implicit null exception at 0x0000018fcc5c5674 to 0x0000018fcc5c5b99
Event: 1.336 Thread 0x0000018fdf5df000 Exception <a 'java/io/FileNotFoundException'{0x0000000088671e20}> (0x0000000088671e20) thrown at [t:/workspace/hotspot/src/share/vm/prims/jni.cpp, line 604]
Event: 1.353 Thread 0x0000018fdf5df000 Exception <a 'java/io/FileNotFoundException'{0x00000000886eb5c0}> (0x00000000886eb5c0) thrown at [t:/workspace/hotspot/src/share/vm/prims/jni.cpp, line 604]

Events (10 events):
Event: 1.377 loading class java/awt/SentEvent
Event: 1.377 loading class java/awt/SentEvent done
Event: 1.377 loading class java/awt/DefaultKeyboardFocusManager$DefaultKeyboardFocusManagerSentEvent done
Event: 1.377 loading class sun/awt/WeakIdentityHashMap$WeakKey
Event: 1.377 loading class sun/awt/WeakIdentityHashMap$WeakKey done
Event: 1.377 loading class java/util/ArrayList$ListItr
Event: 1.378 loading class java/util/ArrayList$ListItr done
Event: 1.378 Executing VM operation: Deoptimize
Event: 1.379 loading class sun/awt/event/IgnorePaintEvent
Event: 1.379 loading class sun/awt/event/IgnorePaintEvent done


Dynamic libraries:
0x00007ff73a4e0000 - 0x00007ff73a51e000 	C:\ProgramData\Oracle\Java\javapath\java.exe
0x00007ffba0c50000 - 0x00007ffba0e11000 	C:\Windows\SYSTEM32\ntdll.dll
0x00007ffba0930000 - 0x00007ffba09dd000 	C:\Windows\system32\KERNEL32.DLL
0x00007ffb9d450000 - 0x00007ffb9d638000 	C:\Windows\system32\KERNELBASE.dll
0x000000006a470000 - 0x000000006a4f9000 	C:\Windows\System32\SYSFER.DLL
0x00007ffba0ba0000 - 0x00007ffba0c47000 	C:\Windows\system32\ADVAPI32.dll
0x00007ffb9e140000 - 0x00007ffb9e1dd000 	C:\Windows\system32\msvcrt.dll
0x00007ffba0890000 - 0x00007ffba08eb000 	C:\Windows\system32\sechost.dll
0x00007ffb9f040000 - 0x00007ffb9f15d000 	C:\Windows\system32\RPCRT4.dll
0x00007ffb9eed0000 - 0x00007ffb9f026000 	C:\Windows\system32\USER32.dll
0x00007ffb9e570000 - 0x00007ffb9e6f7000 	C:\Windows\system32\GDI32.dll
0x00007ffb8c6d0000 - 0x00007ffb8c6da000 	C:\Windows\SYSTEM32\VERSION.dll
0x00007ffb88900000 - 0x00007ffb88b74000 	C:\Windows\WinSxS\amd64_microsoft.windows.common-controls_6595b64144ccf1df_6.0.10586.839_none_a2ddba30a539a2ae\COMCTL32.dll
0x00007ffb9e2f0000 - 0x00007ffb9e56e000 	C:\Windows\system32\combase.dll
0x00007ffb9d750000 - 0x00007ffb9d7ba000 	C:\Windows\system32\bcryptPrimitives.dll
0x00007ffba08f0000 - 0x00007ffba092b000 	C:\Windows\system32\IMM32.DLL
0x00007ffb704f0000 - 0x00007ffb705df000 	C:\Program Files\Java\jre-9.0.4\bin\msvcr120.dll
0x00007ffb6e220000 - 0x00007ffb6e2c6000 	C:\Program Files\Java\jre-9.0.4\bin\msvcp120.dll
0x0000000068740000 - 0x0000000069165000 	C:\Program Files\Java\jre-9.0.4\bin\server\jvm.dll
0x00007ffb9f030000 - 0x00007ffb9f038000 	C:\Windows\system32\PSAPI.DLL
0x00007ffb99980000 - 0x00007ffb99989000 	C:\Windows\SYSTEM32\WSOCK32.dll
0x00007ffb9ed00000 - 0x00007ffb9ed6b000 	C:\Windows\system32\WS2_32.dll
0x00007ffb9ba60000 - 0x00007ffb9ba83000 	C:\Windows\SYSTEM32\WINMM.dll
0x00007ffb9ba00000 - 0x00007ffb9ba2c000 	C:\Windows\SYSTEM32\WINMMBASE.dll
0x00007ffb9d990000 - 0x00007ffb9d9d3000 	C:\Windows\system32\cfgmgr32.dll
0x00007ffb8ba40000 - 0x00007ffb8ba4f000 	C:\Program Files\Java\jre-9.0.4\bin\verify.dll
0x00007ffb7ff90000 - 0x00007ffb7ffb7000 	C:\Program Files\Java\jre-9.0.4\bin\java.dll
0x00007ffb85860000 - 0x00007ffb85876000 	C:\Program Files\Java\jre-9.0.4\bin\zip.dll
0x00007ffb8ba30000 - 0x00007ffb8ba3a000 	C:\Program Files\Java\jre-9.0.4\bin\jimage.dll
0x00007ffb9f320000 - 0x00007ffba087c000 	C:\Windows\system32\SHELL32.dll
0x00007ffb9da00000 - 0x00007ffb9e045000 	C:\Windows\system32\windows.storage.dll
0x00007ffb9eca0000 - 0x00007ffb9ecf2000 	C:\Windows\system32\shlwapi.dll
0x00007ffb9d2c0000 - 0x00007ffb9d2cf000 	C:\Windows\system32\kernel.appcore.dll
0x00007ffb9d390000 - 0x00007ffb9d445000 	C:\Windows\system32\shcore.dll
0x00007ffb9d270000 - 0x00007ffb9d2bb000 	C:\Windows\system32\powrprof.dll
0x00007ffb9d2e0000 - 0x00007ffb9d2f4000 	C:\Windows\system32\profapi.dll
0x00007ffb81040000 - 0x00007ffb8105a000 	C:\Program Files\Java\jre-9.0.4\bin\net.dll
0x00007ffb99db0000 - 0x00007ffb99e77000 	C:\Windows\SYSTEM32\WINHTTP.dll
0x00007ffb9cb40000 - 0x00007ffb9cb9c000 	C:\Windows\system32\mswsock.dll
0x00007ffb7fd00000 - 0x00007ffb7fd11000 	C:\Program Files\Java\jre-9.0.4\bin\nio.dll
0x00007ffb6c2e0000 - 0x00007ffb6c479000 	C:\Program Files\Java\jre-9.0.4\bin\awt.dll
0x00007ffb9e070000 - 0x00007ffb9e136000 	C:\Windows\system32\OLEAUT32.dll
0x00007ffb92f10000 - 0x00007ffb93455000 	C:\Windows\SYSTEM32\d2d1.dll
0x00007ffb9bb20000 - 0x00007ffb9bb99000 	C:\Windows\system32\apphelp.dll
0x00007ffb9afc0000 - 0x00007ffb9afe2000 	C:\Windows\system32\DWMAPI.DLL
0x00007ffb9bcb0000 - 0x00007ffb9bd46000 	C:\Windows\system32\uxtheme.dll
0x00007ffb7a020000 - 0x00007ffb7a149000 	C:\Windows\system32\opengl32.dll
0x00007ffb79ff0000 - 0x00007ffb7a01e000 	C:\Windows\SYSTEM32\GLU32.dll
0x00007ffb79800000 - 0x00007ffb798fa000 	C:\Windows\SYSTEM32\DDRAW.dll
0x00007ffb7a280000 - 0x00007ffb7a288000 	C:\Windows\SYSTEM32\DCIMAN32.dll
0x00007ffb9ed70000 - 0x00007ffb9eeca000 	C:\Windows\system32\MSCTF.dll
0x00007ffb9f1d0000 - 0x00007ffb9f313000 	C:\Windows\system32\ole32.dll
0x00007ffb858a0000 - 0x00007ffb858ab000 	C:\Program Files\Java\jre-9.0.4\bin\sunmscapi.dll
0x00007ffb9d7c0000 - 0x00007ffb9d988000 	C:\Windows\system32\CRYPT32.dll
0x00007ffb9d2d0000 - 0x00007ffb9d2e0000 	C:\Windows\system32\MSASN1.dll
0x00007ffb73bf0000 - 0x00007ffb73c13000 	C:\Program Files\Java\jre-9.0.4\bin\sunec.dll
0x00007ffb9cbf0000 - 0x00007ffb9cc07000 	C:\Windows\SYSTEM32\CRYPTSP.dll
0x00007ffb9c880000 - 0x00007ffb9c8b4000 	C:\Windows\system32\rsaenh.dll
0x00007ffb9d100000 - 0x00007ffb9d129000 	C:\Windows\SYSTEM32\bcrypt.dll
0x00007ffb9c9d0000 - 0x00007ffb9c9ef000 	C:\Windows\SYSTEM32\USERENV.dll
0x00007ffb9cd10000 - 0x00007ffb9cd1b000 	C:\Windows\SYSTEM32\CRYPTBASE.dll
0x00007ffb934a0000 - 0x00007ffb934d8000 	C:\Windows\SYSTEM32\IPHLPAPI.DLL
0x00007ffba0880000 - 0x00007ffba0888000 	C:\Windows\system32\NSI.dll
0x00007ffb93480000 - 0x00007ffb93496000 	C:\Windows\SYSTEM32\dhcpcsvc6.DLL
0x00007ffb93460000 - 0x00007ffb9347a000 	C:\Windows\SYSTEM32\dhcpcsvc.DLL
0x00007ffb9bd70000 - 0x00007ffb9be1a000 	C:\Windows\SYSTEM32\DNSAPI.dll
0x0000000069ff0000 - 0x000000006a016000 	C:\Program Files\Bonjour\mdnsNSP.dll
0x00007ffb92030000 - 0x00007ffb9203a000 	C:\Windows\System32\rasadhlp.dll
0x00007ffb92cb0000 - 0x00007ffb92d17000 	C:\Windows\System32\fwpuclnt.dll
0x00007ffb6c240000 - 0x00007ffb6c2dd000 	C:\Program Files\Java\jre-9.0.4\bin\fontmanager.dll
0x00007ffb70c20000 - 0x00007ffb70c62000 	C:\Program Files\Java\jre-9.0.4\bin\t2k.dll
0x0000000180000000 - 0x000000018002a000 	C:\Users\Devash\Documents\GitHub\Ram-XTrek\rxtxSerial.dll
0x00007ffb9eb90000 - 0x00007ffb9ec37000 	C:\Windows\system32\clbcatq.dll
0x00007ffb9a4d0000 - 0x00007ffb9a681000 	C:\Windows\SYSTEM32\WindowsCodecs.dll
0x00007ffb79ee0000 - 0x00007ffb79f2a000 	C:\Windows\system32\dataexchange.dll
0x00007ffb9aca0000 - 0x00007ffb9af48000 	C:\Windows\system32\d3d11.dll
0x00007ffb9b580000 - 0x00007ffb9b663000 	C:\Windows\system32\dcomp.dll
0x00007ffb9aa50000 - 0x00007ffb9aaf2000 	C:\Windows\system32\dxgi.dll
0x00007ffb9be50000 - 0x00007ffb9bf50000 	C:\Windows\system32\twinapi.appcore.dll
0x00007ffb99470000 - 0x00007ffb995fc000 	C:\Windows\SYSTEM32\dbghelp.dll

VM Arguments:
java_command: MenuFrame
java_class_path (initial): .;json-20180130.jar;jsoup-1.11.2.jar;RXTXcomm.jar
Launcher Type: SUN_STANDARD

Logging:
Log output configuration:
#0: stdout all=warning uptime,level,tags
#1: stderr all=off uptime,level,tags

Environment Variables:
PATH=C:\ProgramData\Oracle\Java\javapath;C:\oraclexe\app\oracle\product\11.2.0\server\bin;C:\Windows\system32;C:\Windows;C:\Windows\System32\Wbem;C:\Windows\System32\WindowsPowerShell\v1.0\;C:\Program Files\Intel\WiFi\bin\;C:\Program Files\Common Files\Intel\WirelessCommon\;C:\Program Files (x86)\Java\jdk1.8.0_121\bin;C:\ProgramData\Anaconda3;C:\ProgramData\Anaconda3\Scripts;C:\ProgramData\Anaconda3\Library\bin;C:\Program Files\MiKTeX 2.9\miktex\bin\x64\;C:\MinGW\bin;C:\Users\Devash\Downloads\php-7.2.1;C:\Program Files\Java\jdk-9.0.4\bin;C:\Users\Devash\AppData\Local\Programs\Python\Python35-32\Scripts\cygwin-directory\bin;C:\Users\Devash\AppData\Local\Programs\Python\Python35-32\;C:\Users\Devash\AppData\Local\GitHubDesktop\bin
USERNAME=Devash
OS=Windows_NT
PROCESSOR_IDENTIFIER=Intel64 Family 6 Model 78 Stepping 3, GenuineIntel



---------------  S Y S T E M  ---------------

OS: Windows 10 , 64 bit Build 10586 (10.0.10586.589)

CPU:total 4 (initial active 4) (2 cores per cpu, 2 threads per core) family 6 model 78 stepping 3, cmov, cx8, fxsr, mmx, sse, sse2, sse3, ssse3, sse4.1, sse4.2, popcnt, avx, avx2, aes, clmul, erms, 3dnowpref, lzcnt, ht, tsc, tscinvbit, bmi1, bmi2, adx, fma

Memory: 4k page, physical 8292256k(4287328k free), swap 13535136k(8592400k free)

vm_info: Java HotSpot(TM) 64-Bit Server VM (9.0.4+11) for windows-amd64 JRE (9.0.4+11), built on Dec 20 2017 02:18:54 by "mach5one" with MS VC++ 12.0 (VS2013)

END.
